This is pdfTeX, Version 3.14159265-2.6-1.40.18 (TeX Live 2017) (preloaded format=pdflatex 2017.5.23)  20 FEB 2018 23:24
entering extended mode
 restricted \write18 enabled.
 %&-line parsing enabled.
**MAT128_Project1.tex
(./MAT128_Project1.tex
LaTeX2e <2017-04-15>
Babel <3.10> and hyphenation patterns for 84 language(s) loaded.
(/usr/local/texlive/2017/texmf-dist/tex/latex/base/article.cls
Document Class: article 2014/09/29 v1.4h Standard LaTeX document class
(/usr/local/texlive/2017/texmf-dist/tex/latex/base/size11.clo
File: size11.clo 2014/09/29 v1.4h Standard LaTeX file (size option)
)
\c@part=\count79
\c@section=\count80
\c@subsection=\count81
\c@subsubsection=\count82
\c@paragraph=\count83
\c@subparagraph=\count84
\c@figure=\count85
\c@table=\count86
\abovecaptionskip=\skip41
\belowcaptionskip=\skip42
\bibindent=\dimen102
)
(/usr/local/texlive/2017/texmf-dist/tex/latex/amsmath/amsmath.sty
Package: amsmath 2016/11/05 v2.16a AMS math features
\@mathmargin=\skip43

For additional information on amsmath, use the `?' option.
(/usr/local/texlive/2017/texmf-dist/tex/latex/amsmath/amstext.sty
Package: amstext 2000/06/29 v2.01 AMS text

(/usr/local/texlive/2017/texmf-dist/tex/latex/amsmath/amsgen.sty
File: amsgen.sty 1999/11/30 v2.0 generic functions
\@emptytoks=\toks14
\ex@=\dimen103
))
(/usr/local/texlive/2017/texmf-dist/tex/latex/amsmath/amsbsy.sty
Package: amsbsy 1999/11/29 v1.2d Bold Symbols
\pmbraise@=\dimen104
)
(/usr/local/texlive/2017/texmf-dist/tex/latex/amsmath/amsopn.sty
Package: amsopn 2016/03/08 v2.02 operator names
)
\inf@bad=\count87
LaTeX Info: Redefining \frac on input line 213.
\uproot@=\count88
\leftroot@=\count89
LaTeX Info: Redefining \overline on input line 375.
\classnum@=\count90
\DOTSCASE@=\count91
LaTeX Info: Redefining \ldots on input line 472.
LaTeX Info: Redefining \dots on input line 475.
LaTeX Info: Redefining \cdots on input line 596.
\Mathstrutbox@=\box26
\strutbox@=\box27
\big@size=\dimen105
LaTeX Font Info:    Redeclaring font encoding OML on input line 712.
LaTeX Font Info:    Redeclaring font encoding OMS on input line 713.
\macc@depth=\count92
\c@MaxMatrixCols=\count93
\dotsspace@=\muskip10
\c@parentequation=\count94
\dspbrk@lvl=\count95
\tag@help=\toks15
\row@=\count96
\column@=\count97
\maxfields@=\count98
\andhelp@=\toks16
\eqnshift@=\dimen106
\alignsep@=\dimen107
\tagshift@=\dimen108
\tagwidth@=\dimen109
\totwidth@=\dimen110
\lineht@=\dimen111
\@envbody=\toks17
\multlinegap=\skip44
\multlinetaggap=\skip45
\mathdisplay@stack=\toks18
LaTeX Info: Redefining \[ on input line 2817.
LaTeX Info: Redefining \] on input line 2818.
)
(/usr/local/texlive/2017/texmf-dist/tex/latex/amsfonts/amssymb.sty
Package: amssymb 2013/01/14 v3.01 AMS font symbols

(/usr/local/texlive/2017/texmf-dist/tex/latex/amsfonts/amsfonts.sty
Package: amsfonts 2013/01/14 v3.01 Basic AMSFonts support
\symAMSa=\mathgroup4
\symAMSb=\mathgroup5
LaTeX Font Info:    Overwriting math alphabet `\mathfrak' in version `bold'
(Font)                  U/euf/m/n --> U/euf/b/n on input line 106.
))
(/usr/local/texlive/2017/texmf-dist/tex/latex/amscls/amsthm.sty
Package: amsthm 2015/03/04 v2.20.2
\thm@style=\toks19
\thm@bodyfont=\toks20
\thm@headfont=\toks21
\thm@notefont=\toks22
\thm@headpunct=\toks23
\thm@preskip=\skip46
\thm@postskip=\skip47
\thm@headsep=\skip48
\dth@everypar=\toks24
)
(/usr/local/texlive/2017/texmf-dist/tex/latex/tools/verbatim.sty
Package: verbatim 2014/10/28 v1.5q LaTeX2e package for verbatim enhancements
\every@verbatim=\toks25
\verbatim@line=\toks26
\verbatim@in@stream=\read1
)
(/usr/local/texlive/2017/texmf-dist/tex/latex/fancyhdr/fancyhdr.sty
Package: fancyhdr 2016/09/06 3.8 Extensive control of page headers and footers
\fancy@headwidth=\skip49
\f@ncyO@elh=\skip50
\f@ncyO@erh=\skip51
\f@ncyO@olh=\skip52
\f@ncyO@orh=\skip53
\f@ncyO@elf=\skip54
\f@ncyO@erf=\skip55
\f@ncyO@olf=\skip56
\f@ncyO@orf=\skip57
)
(/usr/local/texlive/2017/texmf-dist/tex/latex/graphics/graphicx.sty
Package: graphicx 2014/10/28 v1.0g Enhanced LaTeX Graphics (DPC,SPQR)

(/usr/local/texlive/2017/texmf-dist/tex/latex/graphics/keyval.sty
Package: keyval 2014/10/28 v1.15 key=value parser (DPC)
\KV@toks@=\toks27
)
(/usr/local/texlive/2017/texmf-dist/tex/latex/graphics/graphics.sty
Package: graphics 2017/04/14 v1.1b Standard LaTeX Graphics (DPC,SPQR)

(/usr/local/texlive/2017/texmf-dist/tex/latex/graphics/trig.sty
Package: trig 2016/01/03 v1.10 sin cos tan (DPC)
)
(/usr/local/texlive/2017/texmf-dist/tex/latex/graphics-cfg/graphics.cfg
File: graphics.cfg 2016/06/04 v1.11 sample graphics configuration
)
Package graphics Info: Driver file: pdftex.def on input line 99.

(/usr/local/texlive/2017/texmf-dist/tex/latex/graphics-def/pdftex.def
File: pdftex.def 2017/01/12 v0.06k Graphics/color for pdfTeX

(/usr/local/texlive/2017/texmf-dist/tex/generic/oberdiek/infwarerr.sty
Package: infwarerr 2016/05/16 v1.4 Providing info/warning/error messages (HO)
)
(/usr/local/texlive/2017/texmf-dist/tex/generic/oberdiek/ltxcmds.sty
Package: ltxcmds 2016/05/16 v1.23 LaTeX kernel commands for general use (HO)
)
\Gread@gobject=\count99
))
\Gin@req@height=\dimen112
\Gin@req@width=\dimen113
)
(/usr/local/texlive/2017/texmf-dist/tex/latex/pdfpages/pdfpages.sty
Package: pdfpages 2017/01/14 v0.5h Insert pages of external PDF documents (AM)

(/usr/local/texlive/2017/texmf-dist/tex/latex/base/ifthen.sty
Package: ifthen 2014/09/29 v1.1c Standard LaTeX ifthen package (DPC)
)
(/usr/local/texlive/2017/texmf-dist/tex/latex/tools/calc.sty
Package: calc 2014/10/28 v4.3 Infix arithmetic (KKT,FJ)
\calc@Acount=\count100
\calc@Bcount=\count101
\calc@Adimen=\dimen114
\calc@Bdimen=\dimen115
\calc@Askip=\skip58
\calc@Bskip=\skip59
LaTeX Info: Redefining \setlength on input line 80.
LaTeX Info: Redefining \addtolength on input line 81.
\calc@Ccount=\count102
\calc@Cskip=\skip60
)
(/usr/local/texlive/2017/texmf-dist/tex/latex/eso-pic/eso-pic.sty
Package: eso-pic 2015/07/21 v2.0g eso-pic (RN)

(/usr/local/texlive/2017/texmf-dist/tex/generic/oberdiek/atbegshi.sty
Package: atbegshi 2016/06/09 v1.18 At begin shipout hook (HO)

(/usr/local/texlive/2017/texmf-dist/tex/generic/oberdiek/ifpdf.sty
Package: ifpdf 2017/03/15 v3.2 Provides the ifpdf switch
))
(/usr/local/texlive/2017/texmf-dist/tex/latex/xcolor/xcolor.sty
Package: xcolor 2016/05/11 v2.12 LaTeX color extensions (UK)

(/usr/local/texlive/2017/texmf-dist/tex/latex/graphics-cfg/color.cfg
File: color.cfg 2016/01/02 v1.6 sample color configuration
)
Package xcolor Info: Driver file: pdftex.def on input line 225.
Package xcolor Info: Model `cmy' substituted by `cmy0' on input line 1348.
Package xcolor Info: Model `hsb' substituted by `rgb' on input line 1352.
Package xcolor Info: Model `RGB' extended on input line 1364.
Package xcolor Info: Model `HTML' substituted by `rgb' on input line 1366.
Package xcolor Info: Model `Hsb' substituted by `hsb' on input line 1367.
Package xcolor Info: Model `tHsb' substituted by `hsb' on input line 1368.
Package xcolor Info: Model `HSB' substituted by `hsb' on input line 1369.
Package xcolor Info: Model `Gray' substituted by `gray' on input line 1370.
Package xcolor Info: Model `wave' substituted by `hsb' on input line 1371.
))
\AM@pagewidth=\dimen116
\AM@pageheight=\dimen117

(/usr/local/texlive/2017/texmf-dist/tex/latex/pdfpages/pppdftex.def
File: pppdftex.def 2017/01/14 v0.5h Pdfpages driver for pdfTeX (AM)
)
\AM@pagebox=\box28
\AM@global@opts=\toks28
\AM@toc@title=\toks29
\c@AM@survey=\count103
\AM@templatesizebox=\box29
)
(/usr/local/texlive/2017/texmf-dist/tex/latex/tools/enumerate.sty
Package: enumerate 2015/07/23 v3.00 enumerate extensions (DPC)
\@enLab=\toks30
)
(/usr/local/texlive/2017/texmf-dist/tex/latex/microtype/microtype.sty
Package: microtype 2016/05/14 v2.6a Micro-typographical refinements (RS)
\MT@toks=\toks31
\MT@count=\count104
LaTeX Info: Redefining \textls on input line 774.
\MT@outer@kern=\dimen118
LaTeX Info: Redefining \textmicrotypecontext on input line 1310.
\MT@listname@count=\count105

(/usr/local/texlive/2017/texmf-dist/tex/latex/microtype/microtype-pdftex.def
File: microtype-pdftex.def 2016/05/14 v2.6a Definitions specific to pdftex (RS)

LaTeX Info: Redefining \lsstyle on input line 916.
LaTeX Info: Redefining \lslig on input line 916.
\MT@outer@space=\skip61
)
Package microtype Info: Loading configuration file microtype.cfg.

(/usr/local/texlive/2017/texmf-dist/tex/latex/microtype/microtype.cfg
File: microtype.cfg 2016/05/14 v2.6a microtype main configuration file (RS)
))
(/usr/local/texlive/2017/texmf-dist/tex/latex/url/url.sty
\Urlmuskip=\muskip11
Package: url 2013/09/16  ver 3.4  Verb mode for urls, etc.
)
\c@theorem=\count106
\c@question=\count107

(./MAT128_Project1.aux)
\openout1 = `MAT128_Project1.aux'.

LaTeX Font Info:    Checking defaults for OML/cmm/m/it on input line 41.
LaTeX Font Info:    ... okay on input line 41.
LaTeX Font Info:    Checking defaults for T1/cmr/m/n on input line 41.
LaTeX Font Info:    ... okay on input line 41.
LaTeX Font Info:    Checking defaults for OT1/cmr/m/n on input line 41.
LaTeX Font Info:    ... okay on input line 41.
LaTeX Font Info:    Checking defaults for OMS/cmsy/m/n on input line 41.
LaTeX Font Info:    ... okay on input line 41.
LaTeX Font Info:    Checking defaults for OMX/cmex/m/n on input line 41.
LaTeX Font Info:    ... okay on input line 41.
LaTeX Font Info:    Checking defaults for U/cmr/m/n on input line 41.
LaTeX Font Info:    ... okay on input line 41.

(/usr/local/texlive/2017/texmf-dist/tex/context/base/mkii/supp-pdf.mkii
[Loading MPS to PDF converter (version 2006.09.02).]
\scratchcounter=\count108
\scratchdimen=\dimen119
\scratchbox=\box30
\nofMPsegments=\count109
\nofMParguments=\count110
\everyMPshowfont=\toks32
\MPscratchCnt=\count111
\MPscratchDim=\dimen120
\MPnumerator=\count112
\makeMPintoPDFobject=\count113
\everyMPtoPDFconversion=\toks33
) (/usr/local/texlive/2017/texmf-dist/tex/generic/oberdiek/pdftexcmds.sty
Package: pdftexcmds 2017/03/19 v0.25 Utility functions of pdfTeX for LuaTeX (HO
)

(/usr/local/texlive/2017/texmf-dist/tex/generic/oberdiek/ifluatex.sty
Package: ifluatex 2016/05/16 v1.4 Provides the ifluatex switch (HO)
Package ifluatex Info: LuaTeX not detected.
)
Package pdftexcmds Info: LuaTeX not detected.
Package pdftexcmds Info: \pdf@primitive is available.
Package pdftexcmds Info: \pdf@ifprimitive is available.
Package pdftexcmds Info: \pdfdraftmode found.
)
(/usr/local/texlive/2017/texmf-dist/tex/latex/oberdiek/epstopdf-base.sty
Package: epstopdf-base 2016/05/15 v2.6 Base part for package epstopdf

(/usr/local/texlive/2017/texmf-dist/tex/latex/oberdiek/grfext.sty
Package: grfext 2016/05/16 v1.2 Manage graphics extensions (HO)

(/usr/local/texlive/2017/texmf-dist/tex/generic/oberdiek/kvdefinekeys.sty
Package: kvdefinekeys 2016/05/16 v1.4 Define keys (HO)
))
(/usr/local/texlive/2017/texmf-dist/tex/latex/oberdiek/kvoptions.sty
Package: kvoptions 2016/05/16 v3.12 Key value format for package options (HO)

(/usr/local/texlive/2017/texmf-dist/tex/generic/oberdiek/kvsetkeys.sty
Package: kvsetkeys 2016/05/16 v1.17 Key value parser (HO)

(/usr/local/texlive/2017/texmf-dist/tex/generic/oberdiek/etexcmds.sty
Package: etexcmds 2016/05/16 v1.6 Avoid name clashes with e-TeX commands (HO)
Package etexcmds Info: Could not find \expanded.
(etexcmds)             That can mean that you are not using pdfTeX 1.50 or
(etexcmds)             that some package has redefined \expanded.
(etexcmds)             In the latter case, load this package earlier.
)))
Package epstopdf-base Info: Redefining graphics rule for `.eps' on input line 4
38.
Package grfext Info: Graphics extension search list:
(grfext)             [.png,.pdf,.jpg,.mps,.jpeg,.jbig2,.jb2,.PNG,.PDF,.JPG,.JPE
G,.JBIG2,.JB2,.eps]
(grfext)             \AppendGraphicsExtensions on input line 456.

(/usr/local/texlive/2017/texmf-dist/tex/latex/latexconfig/epstopdf-sys.cfg
File: epstopdf-sys.cfg 2010/07/13 v1.3 Configuration of (r)epstopdf for TeX Liv
e
))
\AtBeginShipoutBox=\box31

(/usr/local/texlive/2017/texmf-dist/tex/latex/oberdiek/pdflscape.sty
Package: pdflscape 2016/05/14 v0.11 Display of landscape pages in PDF (HO)

(/usr/local/texlive/2017/texmf-dist/tex/latex/graphics/lscape.sty
Package: lscape 2000/10/22 v3.01 Landscape Pages (DPC)
)
Package pdflscape Info: Auto-detected driver: pdftex on input line 81.

(/usr/local/texlive/2017/texmf-dist/tex/generic/ifxetex/ifxetex.sty
Package: ifxetex 2010/09/12 v0.6 Provides ifxetex conditional
))
LaTeX Info: Redefining \microtypecontext on input line 41.
Package microtype Info: Generating PDF output.
Package microtype Info: Character protrusion enabled (level 2).
Package microtype Info: Using default protrusion set `alltext'.
Package microtype Info: Automatic font expansion enabled (level 2),
(microtype)             stretch: 20, shrink: 20, step: 1, non-selected.
Package microtype Info: Using default expansion set `basictext'.
Package microtype Info: No adjustment of tracking.
Package microtype Info: No adjustment of interword spacing.
Package microtype Info: No adjustment of character kerning.

(/usr/local/texlive/2017/texmf-dist/tex/latex/microtype/mt-cmr.cfg
File: mt-cmr.cfg 2013/05/19 v2.2 microtype config. file: Computer Modern Roman 
(RS)
) [1

{/usr/local/texlive/2017/texmf-var/fonts/map/pdftex/updmap/pdftex.map}]
LaTeX Font Info:    Try loading font information for U+msa on input line 59.

(/usr/local/texlive/2017/texmf-dist/tex/latex/amsfonts/umsa.fd
File: umsa.fd 2013/01/14 v3.01 AMS symbols A
)
(/usr/local/texlive/2017/texmf-dist/tex/latex/microtype/mt-msa.cfg
File: mt-msa.cfg 2006/02/04 v1.1 microtype config. file: AMS symbols (a) (RS)
)
LaTeX Font Info:    Try loading font information for U+msb on input line 59.

(/usr/local/texlive/2017/texmf-dist/tex/latex/amsfonts/umsb.fd
File: umsb.fd 2013/01/14 v3.01 AMS symbols B
)
(/usr/local/texlive/2017/texmf-dist/tex/latex/microtype/mt-msb.cfg
File: mt-msb.cfg 2005/06/01 v1.0 microtype config. file: AMS symbols (b) (RS)
)
<Plot1.png, id=8, 484.81125pt x 385.44pt>
File: Plot1.png Graphic file (type png)
 <use Plot1.png>
Package pdftex.def Info: Plot1.png used on input line 63.
(pdftex.def)             Requested size: 242.40503pt x 192.71953pt.

Underfull \hbox (badness 10000) in paragraph at lines 68--69

 []


Package Fancyhdr Warning: \headheight is too small (12.0pt): 
 Make it at least 13.59999pt.
 We now make it that large for the rest of the document.
 This may cause the page layout to be inconsistent, however.

[1 <./Plot1.png>] <Plot2.png, id=21, 497.86pt x 379.4175pt>
File: Plot2.png Graphic file (type png)
 <use Plot2.png>
Package pdftex.def Info: Plot2.png used on input line 74.
(pdftex.def)             Requested size: 248.92938pt x 189.70828pt.

Underfull \hbox (badness 10000) in paragraph at lines 77--78

 []


Package Fancyhdr Warning: \headheight is too small (12.0pt): 
 Make it at least 13.59999pt.
 We now make it that large for the rest of the document.
 This may cause the page layout to be inconsistent, however.

[2 <./Plot2.png>] <Plot3.png, id=28, 390.45876pt x 382.42876pt>
File: Plot3.png Graphic file (type png)

<use Plot3.png>
Package pdftex.def Info: Plot3.png used on input line 81.
(pdftex.def)             Requested size: 117.13852pt x 114.7295pt.
 <Plot4.png, id=30, 384.43625pt x 376.40625pt>
File: Plot4.png Graphic file (type png)
 <use Plot4.png>
Package pdftex.def Info: Plot4.png used on input line 82.
(pdftex.def)             Requested size: 115.33176pt x 112.92273pt.

<Plot5.png, id=32, 420.57124pt x 385.44pt>
File: Plot5.png Graphic file (type png)
 <use Plot5.png>
Package pdftex.def Info: Plot5.png used on input line 83.
(pdftex.def)             Requested size: 126.17235pt x 115.63289pt.

Underfull \hbox (badness 10000) in paragraph at lines 87--88

 []

<Plot10.png, id=34, 469.755pt x 382.42876pt>
File: Plot10.png Graphic file (type png)
 <use Plot10.png>
Package pdftex.def Info: Plot10.png used on input line 91.
(pdftex.def)             Requested size: 117.43846pt x 95.60695pt.

<Plot11.png, id=36, 481.8pt x 379.4175pt>
File: Plot11.png Graphic file (type png)
 <use Plot11.png>
Package pdftex.def Info: Plot11.png used on input line 92.
(pdftex.def)             Requested size: 120.44969pt x 94.85414pt.

<Plot12.png, id=38, 485.815pt x 378.41376pt>
File: Plot12.png Graphic file (type png)
 <use Plot12.png>
Package pdftex.def Info: Plot12.png used on input line 93.
(pdftex.def)             Requested size: 121.45345pt x 94.6032pt.


Package Fancyhdr Warning: \headheight is too small (12.0pt): 
 Make it at least 13.59999pt.
 We now make it that large for the rest of the document.
 This may cause the page layout to be inconsistent, however.

[3 <./Plot3.png> <./Plot4.png> <./Plot5.png> <./Plot10.png> <./Plot11.png> <./P
lot12.png>]
Underfull \hbox (badness 10000) in paragraph at lines 101--102

 []

<Result1.png, id=55, 555.07375pt x 143.53625pt>
File: Result1.png Graphic file (type png)
 <use Result1.png>
Package pdftex.def Info: Result1.png used on input line 103.
(pdftex.def)             Requested size: 388.54897pt x 100.47467pt.

<Result2.png, id=57, 557.08125pt x 142.5325pt>
File: Result2.png Graphic file (type png)
 <use Result2.png>
Package pdftex.def Info: Result2.png used on input line 104.
(pdftex.def)             Requested size: 389.95422pt x 99.77205pt.

<Result3.png, id=59, 557.08125pt x 148.555pt>
File: Result3.png Graphic file (type png)
 <use Result3.png>
Package pdftex.def Info: Result3.png used on input line 105.
(pdftex.def)             Requested size: 389.95422pt x 103.98778pt.

Underfull \hbox (badness 10000) in paragraph at lines 108--109

 []


Package Fancyhdr Warning: \headheight is too small (12.0pt): 
 Make it at least 13.59999pt.
 We now make it that large for the rest of the document.
 This may cause the page layout to be inconsistent, however.

[4 <./Result1.png> <./Result2.png> <./Result3.png>]
<Plot6.png, id=70, 396.48125pt x 374.39874pt>
File: Plot6.png Graphic file (type png)
 <use Plot6.png>
Package pdftex.def Info: Plot6.png used on input line 112.
(pdftex.def)             Requested size: 118.94528pt x 112.32048pt.

<Plot7.png, id=72, 386.44376pt x 380.42125pt>
File: Plot7.png Graphic file (type png)
 <use Plot7.png>
Package pdftex.def Info: Plot7.png used on input line 113.
(pdftex.def)             Requested size: 115.93402pt x 114.12724pt.

<Plot8.png, id=74, 389.455pt x 380.42125pt>
File: Plot8.png Graphic file (type png)
 <use Plot8.png>
Package pdftex.def Info: Plot8.png used on input line 114.
(pdftex.def)             Requested size: 116.83739pt x 114.12724pt.
Missing character: There is no â in font cmbx12!
Missing character: There is no € in font cmbx12!
Missing character: There is no ™ in font cmbx12!
Missing character: There is no â in font cmr10!
Missing character: There is no € in font cmr10!
Missing character: There is no ™ in font cmr10!

Underfull \hbox (badness 10000) in paragraph at lines 119--120

 []

<Plot13.png, id=76, 388.45125pt x 380.42125pt>
File: Plot13.png Graphic file (type png)
 <use Plot13.png>
Package pdftex.def Info: Plot13.png used on input line 123.
(pdftex.def)             Requested size: 89.3419pt x 87.49504pt.

<Plot14.png, id=78, 389.455pt x 372.39125pt>
File: Plot14.png Graphic file (type png)
 <use Plot14.png>
Package pdftex.def Info: Plot14.png used on input line 124.
(pdftex.def)             Requested size: 89.57275pt x 85.64818pt.

<Plot15.png, id=80, 387.4475pt x 382.42876pt>
File: Plot15.png Graphic file (type png)
 <use Plot15.png>
Package pdftex.def Info: Plot15.png used on input line 125.
(pdftex.def)             Requested size: 89.11104pt x 87.95676pt.

<Plot16.png, id=82, 399.4925pt x 380.42125pt>
File: Plot16.png Graphic file (type png)
 <use Plot16.png>
Package pdftex.def Info: Plot16.png used on input line 126.
(pdftex.def)             Requested size: 91.88133pt x 87.49504pt.

Overfull \hbox (7.09082pt too wide) in paragraph at lines 121--128
[][] 
 []


Package Fancyhdr Warning: \headheight is too small (12.0pt): 
 Make it at least 13.59999pt.
 We now make it that large for the rest of the document.
 This may cause the page layout to be inconsistent, however.

[5 <./Plot6.png> <./Plot7.png> <./Plot8.png> <./Plot13.png> <./Plot14.png> <./P
lot15.png> <./Plot16.png>] <Plot9.png, id=101, 389.455pt x 382.42876pt>
File: Plot9.png Graphic file (type png)

<use Plot9.png>
Package pdftex.def Info: Plot9.png used on input line 133.
(pdftex.def)             Requested size: 194.72702pt x 191.2139pt.


Package Fancyhdr Warning: \headheight is too small (12.0pt): 
 Make it at least 13.59999pt.
 We now make it that large for the rest of the document.
 This may cause the page layout to be inconsistent, however.

[6 <./Plot9.png>] <CommitHistory.pdf, id=109, 1023.825pt x 1303.87125pt>
File: CommitHistory.pdf Graphic file (type pdf)

<use CommitHistory.pdf>
Package pdftex.def Info: CommitHistory.pdf used on input line 140.
(pdftex.def)             Requested size: 1023.8225pt x 1303.86807pt.
File: CommitHistory.pdf Graphic file (type pdf)
 <use CommitHistory.pdf>
Package pdftex.def Info: CommitHistory.pdf used on input line 140.
(pdftex.def)             Requested size: 1023.8225pt x 1303.86807pt.

<CommitHistory.pdf, id=112, page=1, 1023.825pt x 1303.87125pt>
File: CommitHistory.pdf Graphic file (type pdf)

<use CommitHistory.pdf, page 1>
Package pdftex.def Info: CommitHistory.pdf, page1 used on input line 140.
(pdftex.def)             Requested size: 1023.8225pt x 1303.86807pt.
File: CommitHistory.pdf Graphic file (type pdf)
 <use CommitHistory.pdf, page 1>
Package pdftex.def Info: CommitHistory.pdf, page1 used on input line 140.
(pdftex.def)             Requested size: 716.6726pt x 912.70366pt.
File: CommitHistory.pdf Graphic file (type pdf)

<use CommitHistory.pdf, page 1>
Package pdftex.def Info: CommitHistory.pdf, page1 used on input line 140.
(pdftex.def)             Requested size: 716.6726pt x 912.70366pt.
File: CommitHistory.pdf Graphic file (type pdf)
 <use CommitHistory.pdf, page 1>
Package pdftex.def Info: CommitHistory.pdf, page1 used on input line 140.
(pdftex.def)             Requested size: 716.6726pt x 912.70366pt.


Package Fancyhdr Warning: \headheight is too small (12.0pt): 
 Make it at least 13.59999pt.
 We now make it that large for the rest of the document.
 This may cause the page layout to be inconsistent, however.

File: CommitHistory.pdf Graphic file (type pdf)
<use CommitHistory.pdf, page 1>
Package pdftex.def Info: CommitHistory.pdf, page1 used on input line 140.
(pdftex.def)             Requested size: 716.6726pt x 912.70366pt.
 [7 <./CommitHistory.pdf>]
<Part1Code.png, id=351, 633.36626pt x 671.50874pt>
File: Part1Code.png Graphic file (type png)
 <use Part1Code.png>
Package pdftex.def Info: Part1Code.png used on input line 145.
(pdftex.def)             Requested size: 221.6815pt x 235.03159pt.

<Part2aCode.png, id=353, 747.79375pt x 700.6175pt>
File: Part2aCode.png Graphic file (type png)
 <use Part2aCode.png>
Package pdftex.def Info: Part2aCode.png used on input line 147.
(pdftex.def)             Requested size: 261.73172pt x 245.21979pt.

<Part2bCode.png, id=355, 716.6775pt x 683.55376pt>
File: Part2bCode.png Graphic file (type png)
 <use Part2bCode.png>
Package pdftex.def Info: Part2bCode.png used on input line 149.
(pdftex.def)             Requested size: 250.84088pt x 239.24739pt.


Package Fancyhdr Warning: \headheight is too small (12.0pt): 
 Make it at least 13.59999pt.
 We now make it that large for the rest of the document.
 This may cause the page layout to be inconsistent, however.

[8 <./Part1Code.png> <./Part2aCode.png>]
<Part2cCode.png, id=364, 725.71124pt x 669.50125pt>
File: Part2cCode.png Graphic file (type png)
 <use Part2cCode.png>
Package pdftex.def Info: Part2cCode.png used on input line 151.
(pdftex.def)             Requested size: 254.00273pt x 234.32895pt.

<Part2dCode.png, id=366, 685.56125pt x 664.4825pt>
File: Part2dCode.png Graphic file (type png)
 <use Part2dCode.png>
Package pdftex.def Info: Part2dCode.png used on input line 153.
(pdftex.def)             Requested size: 239.95003pt x 232.57236pt.


Package Fancyhdr Warning: \headheight is too small (12.0pt): 
 Make it at least 13.59999pt.
 We now make it that large for the rest of the document.
 This may cause the page layout to be inconsistent, however.

[9 <./Part2bCode.png> <./Part2cCode.png>]
<Part3Code.png, id=376, 762.85pt x 633.36626pt>
File: Part3Code.png Graphic file (type png)
 <use Part3Code.png>
Package pdftex.def Info: Part3Code.png used on input line 155.
(pdftex.def)             Requested size: 267.0015pt x 221.6815pt.

<Part4aCode.png, id=378, 798.985pt x 689.57625pt>
File: Part4aCode.png Graphic file (type png)
 <use Part4aCode.png>
Package pdftex.def Info: Part4aCode.png used on input line 157.
(pdftex.def)             Requested size: 279.64894pt x 241.3553pt.


Package Fancyhdr Warning: \headheight is too small (12.0pt): 
 Make it at least 13.59999pt.
 We now make it that large for the rest of the document.
 This may cause the page layout to be inconsistent, however.

[10 <./Part2dCode.png> <./Part3Code.png>]
<Part4bCode.png, id=387, 890.32625pt x 630.355pt>
File: Part4bCode.png Graphic file (type png)
 <use Part4bCode.png>
Package pdftex.def Info: Part4bCode.png used on input line 159.
(pdftex.def)             Requested size: 311.61885pt x 220.62755pt.

<Part5Code.png, id=389, 779.91376pt x 718.685pt>
File: Part5Code.png Graphic file (type png)
 <use Part5Code.png>
Package pdftex.def Info: Part5Code.png used on input line 161.
(pdftex.def)             Requested size: 272.9739pt x 251.54352pt.


Package Fancyhdr Warning: \headheight is too small (12.0pt): 
 Make it at least 13.59999pt.
 We now make it that large for the rest of the document.
 This may cause the page layout to be inconsistent, however.

[11 <./Part4aCode.png> <./Part4bCode.png>]
<Part6Code.png, id=398, 663.47874pt x 651.43375pt>
File: Part6Code.png Graphic file (type png)
 <use Part6Code.png>
Package pdftex.def Info: Part6Code.png used on input line 163.
(pdftex.def)             Requested size: 232.22102pt x 228.00522pt.

<Part7Code.png, id=400, 693.59125pt x 478.78876pt>
File: Part7Code.png Graphic file (type png)
 <use Part7Code.png>
Package pdftex.def Info: Part7Code.png used on input line 165.
(pdftex.def)             Requested size: 242.76057pt x 167.57857pt.


Package Fancyhdr Warning: \headheight is too small (12.0pt): 
 Make it at least 13.59999pt.
 We now make it that large for the rest of the document.
 This may cause the page layout to be inconsistent, however.

[12 <./Part5Code.png> <./Part6Code.png>]
<Part8Code.png, id=410, 631.35875pt x 483.8075pt>
File: Part8Code.png Graphic file (type png)
 <use Part8Code.png>
Package pdftex.def Info: Part8Code.png used on input line 167.
(pdftex.def)             Requested size: 220.97887pt x 169.33516pt.


Package Fancyhdr Warning: \headheight is too small (12.0pt): 
 Make it at least 13.59999pt.
 We now make it that large for the rest of the document.
 This may cause the page layout to be inconsistent, however.

[13 <./Part7Code.png> <./Part8Code.png>] (./MAT128_Project1.aux) ) 
Here is how much of TeX's memory you used:
 5815 strings out of 492995
 85501 string characters out of 6132704
 190031 words of memory out of 5000000
 9188 multiletter control sequences out of 15000+600000
 10370 words of font info for 58 fonts, out of 8000000 for 9000
 1141 hyphenation exceptions out of 8191
 39i,19n,46p,1063b,442s stack positions out of 5000i,500n,10000p,200000b,80000s
</usr/local/t
exlive/2017/texmf-dist/fonts/type1/public/amsfonts/cm/cmbx10.pfb></usr/local/te
xlive/2017/texmf-dist/fonts/type1/public/amsfonts/cm/cmbx12.pfb></usr/local/tex
live/2017/texmf-dist/fonts/type1/public/amsfonts/cm/cmmi10.pfb></usr/local/texl
ive/2017/texmf-dist/fonts/type1/public/amsfonts/cm/cmmi8.pfb></usr/local/texliv
e/2017/texmf-dist/fonts/type1/public/amsfonts/cm/cmr10.pfb></usr/local/texlive/
2017/texmf-dist/fonts/type1/public/amsfonts/cm/cmr8.pfb></usr/local/texlive/201
7/texmf-dist/fonts/type1/public/amsfonts/cm/cmsy10.pfb>
Output written on MAT128_Project1.pdf (14 pages, 2297129 bytes).
PDF statistics:
 443 PDF objects out of 1000 (max. 8388607)
 244 compressed objects within 3 object streams
 0 named destinations out of 1000 (max. 500000)
 6506 words of extra memory for PDF output out of 10000 (max. 10000000)

